INFO:root:Manipulating: zappos-account-1.mp4
INFO:root:Video frame rate fixed and placed at: /mnt/nfs/scratch1/yixuezhao/v2s_input/spring_data/Account/zappos-account-1/zappos-account-1-fixed.mp4
INFO:root:Frames extracted and placed in: /mnt/nfs/scratch1/yixuezhao/v2s_input/spring_data/Account/zappos-account-1/extracted_frames/
INFO:root:Detecting touches for video: [zappos-account-1.mp4]
INFO:root:Touch detection process took: 2:32:59
INFO:root:Detecting opacity value for video : zappos-account-1.mp4
INFO:root:Manipulating: wish-account-2.mp4
INFO:root:Video frame rate fixed and placed at: /mnt/nfs/scratch1/yixuezhao/v2s_input/spring_data/Account/wish-account-2/wish-account-2-fixed.mp4
INFO:root:Frames extracted and placed in: /mnt/nfs/scratch1/yixuezhao/v2s_input/spring_data/Account/wish-account-2/extracted_frames/
INFO:root:Detecting touches for video: [wish-account-2.mp4]
INFO:root:Touch detection process took: 1:21:57
INFO:root:Detecting opacity value for video : wish-account-2.mp4
INFO:root:Manipulating: wish-account-1.mp4
INFO:root:Video frame rate fixed and placed at: /mnt/nfs/scratch1/yixuezhao/v2s_input/spring_data/Account/wish-account-1/wish-account-1-fixed.mp4
INFO:root:Frames extracted and placed in: /mnt/nfs/scratch1/yixuezhao/v2s_input/spring_data/Account/wish-account-1/extracted_frames/
INFO:root:Detecting touches for video: [wish-account-1.mp4]
INFO:root:Touch detection process took: 2:20:14
INFO:root:Detecting opacity value for video : wish-account-1.mp4
INFO:root:Manipulating: zappos-account-2.mp4
INFO:root:Video frame rate fixed and placed at: /mnt/nfs/scratch1/yixuezhao/v2s_input/spring_data/Account/zappos-account-2/zappos-account-2-fixed.mp4
INFO:root:Frames extracted and placed in: /mnt/nfs/scratch1/yixuezhao/v2s_input/spring_data/Account/zappos-account-2/extracted_frames/
INFO:root:Detecting touches for video: [zappos-account-2.mp4]
INFO:root:Touch detection process took: 1:43:48
INFO:root:Detecting opacity value for video : zappos-account-2.mp4
