INFO:root:Manipulating: 6pm-video-signin-2.mp4
INFO:root:Video frame rate fixed and placed at: /mnt/nfs/scratch1/yixuezhao/input/Sign_In/6pm-video-signin-2/6pm-video-signin-2-fixed.mp4
INFO:root:Frames extracted and placed in: /mnt/nfs/scratch1/yixuezhao/input/Sign_In/6pm-video-signin-2/extracted_frames/
INFO:root:Detecting opacity value for video : 6pm-video-signin-2.mp4
INFO:root:Manipulating: 6pm-video-signin-3.mp4
INFO:root:Video frame rate fixed and placed at: /mnt/nfs/scratch1/yixuezhao/input/Sign_In/6pm-video-signin-3/6pm-video-signin-3-fixed.mp4
INFO:root:Frames extracted and placed in: /mnt/nfs/scratch1/yixuezhao/input/Sign_In/6pm-video-signin-3/extracted_frames/
INFO:root:Detecting opacity value for video : 6pm-video-signin-3.mp4
INFO:root:Manipulating: 6pm-video-signin-4.mp4
INFO:root:Video frame rate fixed and placed at: /mnt/nfs/scratch1/yixuezhao/input/Sign_In/6pm-video-signin-4/6pm-video-signin-4-fixed.mp4
INFO:root:Frames extracted and placed in: /mnt/nfs/scratch1/yixuezhao/input/Sign_In/6pm-video-signin-4/extracted_frames/
INFO:root:Detecting opacity value for video : 6pm-video-signin-4.mp4
INFO:root:Manipulating: aliexpress-signin-lockedaccount.mp4
INFO:root:Video frame rate fixed and placed at: /mnt/nfs/scratch1/yixuezhao/input/Sign_In/aliexpress-signin-lockedaccount/aliexpress-signin-lockedaccount-fixed.mp4
INFO:root:Frames extracted and placed in: /mnt/nfs/scratch1/yixuezhao/input/Sign_In/aliexpress-signin-lockedaccount/extracted_frames/
INFO:root:Detecting opacity value for video : aliexpress-signin-lockedaccount.mp4
INFO:root:Manipulating: ebay-signin-1.mp4
INFO:root:Video frame rate fixed and placed at: /mnt/nfs/scratch1/yixuezhao/input/Sign_In/ebay-signin-1/ebay-signin-1-fixed.mp4
INFO:root:Frames extracted and placed in: /mnt/nfs/scratch1/yixuezhao/input/Sign_In/ebay-signin-1/extracted_frames/
INFO:root:Detecting opacity value for video : ebay-signin-1.mp4
INFO:root:Manipulating: ebay-signin-2.mp4
INFO:root:Video frame rate fixed and placed at: /mnt/nfs/scratch1/yixuezhao/input/Sign_In/ebay-signin-2/ebay-signin-2-fixed.mp4
INFO:root:Frames extracted and placed in: /mnt/nfs/scratch1/yixuezhao/input/Sign_In/ebay-signin-2/extracted_frames/
INFO:root:Detecting opacity value for video : ebay-signin-2.mp4
INFO:root:Manipulating: etsy-signin-1.mp4
INFO:root:Video frame rate fixed and placed at: /mnt/nfs/scratch1/yixuezhao/input/Sign_In/etsy-signin-1/etsy-signin-1-fixed.mp4
INFO:root:Frames extracted and placed in: /mnt/nfs/scratch1/yixuezhao/input/Sign_In/etsy-signin-1/extracted_frames/
INFO:root:Detecting opacity value for video : etsy-signin-1.mp4
INFO:root:Manipulating: target-signin-error.mp4
INFO:root:Video frame rate fixed and placed at: /mnt/nfs/scratch1/yixuezhao/input/Sign_In/target-signin-error/target-signin-error-fixed.mp4
INFO:root:Frames extracted and placed in: /mnt/nfs/scratch1/yixuezhao/input/Sign_In/target-signin-error/extracted_frames/
INFO:root:Detecting touches for video: [target-signin-error.mp4]
INFO:root:Touch detection process took: 2:01:04
INFO:root:Detecting opacity value for video : target-signin-error.mp4
INFO:root:Manipulating: wish-video-signin-1.mp4
INFO:root:Video frame rate fixed and placed at: /mnt/nfs/scratch1/yixuezhao/input/Sign_In/wish-video-signin-1/wish-video-signin-1-fixed.mp4
INFO:root:Frames extracted and placed in: /mnt/nfs/scratch1/yixuezhao/input/Sign_In/wish-video-signin-1/extracted_frames/
INFO:root:Detecting touches for video: [wish-video-signin-1.mp4]
INFO:root:Touch detection process took: 4:49:54
INFO:root:Detecting opacity value for video : wish-video-signin-1.mp4
INFO:root:Manipulating: wish-video-signin-2.mp4
INFO:root:Video frame rate fixed and placed at: /mnt/nfs/scratch1/yixuezhao/input/Sign_In/wish-video-signin-2/wish-video-signin-2-fixed.mp4
INFO:root:Frames extracted and placed in: /mnt/nfs/scratch1/yixuezhao/input/Sign_In/wish-video-signin-2/extracted_frames/
INFO:root:Detecting touches for video: [wish-video-signin-2.mp4]
INFO:root:Touch detection process took: 2:16:47
INFO:root:Detecting opacity value for video : wish-video-signin-2.mp4
INFO:root:Manipulating: wish-video-signin-3.mp4
INFO:root:Video frame rate fixed and placed at: /mnt/nfs/scratch1/yixuezhao/input/Sign_In/wish-video-signin-3/wish-video-signin-3-fixed.mp4
INFO:root:Frames extracted and placed in: /mnt/nfs/scratch1/yixuezhao/input/Sign_In/wish-video-signin-3/extracted_frames/
INFO:root:Detecting touches for video: [wish-video-signin-3.mp4]
INFO:root:Touch detection process took: 4:08:20
INFO:root:Detecting opacity value for video : wish-video-signin-3.mp4
INFO:root:Manipulating: wish-video-signin-4.mp4
INFO:root:Video frame rate fixed and placed at: /mnt/nfs/scratch1/yixuezhao/input/Sign_In/wish-video-signin-4/wish-video-signin-4-fixed.mp4
INFO:root:Frames extracted and placed in: /mnt/nfs/scratch1/yixuezhao/input/Sign_In/wish-video-signin-4/extracted_frames/
INFO:root:Detecting touches for video: [wish-video-signin-4.mp4]
INFO:root:Touch detection process took: 2:01:31
INFO:root:Detecting opacity value for video : wish-video-signin-4.mp4
INFO:root:Manipulating: aliexpress-video-signin-1-1.mp4
INFO:root:Video frame rate fixed and placed at: /mnt/nfs/scratch1/yixuezhao/input/Sign_In/aliexpress-video-signin-1-1/aliexpress-video-signin-1-1-fixed.mp4
INFO:root:Frames extracted and placed in: /mnt/nfs/scratch1/yixuezhao/input/Sign_In/aliexpress-video-signin-1-1/extracted_frames/
INFO:root:Detecting touches for video: [aliexpress-video-signin-1-1.mp4]
INFO:root:Touch detection process took: 4:04:17
INFO:root:Detecting opacity value for video : aliexpress-video-signin-1-1.mp4
INFO:root:Manipulating: aliexpress-video-signin-1-2.mp4
INFO:root:Video frame rate fixed and placed at: /mnt/nfs/scratch1/yixuezhao/input/Sign_In/aliexpress-video-signin-1-2/aliexpress-video-signin-1-2-fixed.mp4
INFO:root:Frames extracted and placed in: /mnt/nfs/scratch1/yixuezhao/input/Sign_In/aliexpress-video-signin-1-2/extracted_frames/
INFO:root:Detecting touches for video: [aliexpress-video-signin-1-2.mp4]
INFO:root:Touch detection process took: 4:16:51
INFO:root:Detecting opacity value for video : aliexpress-video-signin-1-2.mp4
INFO:root:Manipulating: groupon-video-signin-2-1.mp4
INFO:root:Video frame rate fixed and placed at: /mnt/nfs/scratch1/yixuezhao/input/Sign_In/groupon-video-signin-2-1/groupon-video-signin-2-1-fixed.mp4
INFO:root:Frames extracted and placed in: /mnt/nfs/scratch1/yixuezhao/input/Sign_In/groupon-video-signin-2-1/extracted_frames/
INFO:root:Detecting touches for video: [groupon-video-signin-2-1.mp4]
INFO:root:Touch detection process took: 2:12:07
INFO:root:Detecting opacity value for video : groupon-video-signin-2-1.mp4
INFO:root:Manipulating: groupon-video-signin-2-2.mp4
INFO:root:Video frame rate fixed and placed at: /mnt/nfs/scratch1/yixuezhao/input/Sign_In/groupon-video-signin-2-2/groupon-video-signin-2-2-fixed.mp4
INFO:root:Frames extracted and placed in: /mnt/nfs/scratch1/yixuezhao/input/Sign_In/groupon-video-signin-2-2/extracted_frames/
INFO:root:Detecting touches for video: [groupon-video-signin-2-2.mp4]
INFO:root:Touch detection process took: 2:19:17
INFO:root:Detecting opacity value for video : groupon-video-signin-2-2.mp4
INFO:root:Manipulating: home-video-signin-3-1.mp4
INFO:root:Video frame rate fixed and placed at: /mnt/nfs/scratch1/yixuezhao/input/Sign_In/home-video-signin-3-1/home-video-signin-3-1-fixed.mp4
INFO:root:Frames extracted and placed in: /mnt/nfs/scratch1/yixuezhao/input/Sign_In/home-video-signin-3-1/extracted_frames/
INFO:root:Detecting touches for video: [home-video-signin-3-1.mp4]
INFO:root:Touch detection process took: 1:52:01
INFO:root:Detecting opacity value for video : home-video-signin-3-1.mp4
INFO:root:Manipulating: home-video-signin-3-2.mp4
INFO:root:Video frame rate fixed and placed at: /mnt/nfs/scratch1/yixuezhao/input/Sign_In/home-video-signin-3-2/home-video-signin-3-2-fixed.mp4
INFO:root:Frames extracted and placed in: /mnt/nfs/scratch1/yixuezhao/input/Sign_In/home-video-signin-3-2/extracted_frames/
INFO:root:Detecting touches for video: [home-video-signin-3-2.mp4]
INFO:root:Touch detection process took: 2:13:57
INFO:root:Detecting opacity value for video : home-video-signin-3-2.mp4
