INFO:root:Manipulating: groupon-removecart-2.mp4
INFO:root:Video frame rate fixed and placed at: /mnt/nfs/scratch1/yixuezhao/v2s_input/spring_data/Remove_Cart/groupon-removecart-2/groupon-removecart-2-fixed.mp4
INFO:root:Frames extracted and placed in: /mnt/nfs/scratch1/yixuezhao/v2s_input/spring_data/Remove_Cart/groupon-removecart-2/extracted_frames/
INFO:root:Detecting touches for video: [groupon-removecart-2.mp4]
INFO:root:Touch detection process took: 0:28:44
INFO:root:Detecting opacity value for video : groupon-removecart-2.mp4
INFO:root:Manipulating: home-removecart-2.mp4
INFO:root:Video frame rate fixed and placed at: /mnt/nfs/scratch1/yixuezhao/v2s_input/spring_data/Remove_Cart/home-removecart-2/home-removecart-2-fixed.mp4
INFO:root:Frames extracted and placed in: /mnt/nfs/scratch1/yixuezhao/v2s_input/spring_data/Remove_Cart/home-removecart-2/extracted_frames/
INFO:root:Detecting touches for video: [home-removecart-2.mp4]
INFO:root:Touch detection process took: 3:19:10
INFO:root:Detecting opacity value for video : home-removecart-2.mp4
INFO:root:Manipulating: home-removecart-1.mp4
INFO:root:Video frame rate fixed and placed at: /mnt/nfs/scratch1/yixuezhao/v2s_input/spring_data/Remove_Cart/home-removecart-1/home-removecart-1-fixed.mp4
INFO:root:Frames extracted and placed in: /mnt/nfs/scratch1/yixuezhao/v2s_input/spring_data/Remove_Cart/home-removecart-1/extracted_frames/
INFO:root:Detecting touches for video: [home-removecart-1.mp4]
INFO:root:Touch detection process took: 2:40:27
INFO:root:Detecting opacity value for video : home-removecart-1.mp4
INFO:root:Manipulating: groupon-removecart-1.mp4
INFO:root:Video frame rate fixed and placed at: /mnt/nfs/scratch1/yixuezhao/v2s_input/spring_data/Remove_Cart/groupon-removecart-1/groupon-removecart-1-fixed.mp4
INFO:root:Frames extracted and placed in: /mnt/nfs/scratch1/yixuezhao/v2s_input/spring_data/Remove_Cart/groupon-removecart-1/extracted_frames/
INFO:root:Detecting touches for video: [groupon-removecart-1.mp4]
INFO:root:Touch detection process took: 0:42:12
INFO:root:Detecting opacity value for video : groupon-removecart-1.mp4
